End of file reached
End of file reached
End of file reached
End of file reached
End of file reached
End of file reached
End of file reached
End of file reached
End of file reached
End of file reached
End of file reached
End of file reached
End of file reached
End of file reached
End of file reached
End of file reached
End of file reached
End of file reached
End of file reached
End of file reached
End of file reached
End of file reached
End of file reached
End of file reached
End of file reached
End of file reached
End of file reached
End of file reached
End of file reached
End of file reached
End of file reached
End of file reached
End of file reached
End of file reached
End of file reached
End of file reached
End of file reached
End of file reached
End of file reached
End of file reached
End of file reached
End of file reached
End of file reached
End of file reached
End of file reached
End of file reached
End of file reached
End of file reached
End of file reached
End of file reached
End of file reached
End of file reached
End of file reached
End of file reached
End of file reached
End of file reached
End of file reached
End of file reached
End of file reached
End of file reached
End of file reached
End of file reached
End of file reached
End of file reached
End of file reached
End of file reached
End of file reached
End of file reached
End of file reached
End of file reached
End of file reached
End of file reached
End of file reached
End of file reached
End of file reached
End of file reached
End of file reached
End of file reached
End of file reached
End of file reached
End of file reached
End of file reached
End of file reached
End of file reached
End of file reached
End of file reached
End of file reached
End of file reached
End of file reached
End of file reached
End of file reached
End of file reached
End of file reached
End of file reached
End of file reached
End of file reached
End of file reached
End of file reached
End of file reached
End of file reached
End of file reached
End of file reached
End of file reached
End of file reached
End of file reached
End of file reached
End of file reached
End of file reached
End of file reached
End of file reached
End of file reached
End of file reached
End of file reached
End of file reached
End of file reached
End of file reached
End of file reached
End of file reached
End of file reached
End of file reached
End of file reached
End of file reached
End of file reached
End of file reached
End of file reached
End of file reached
End of file reached
End of file reached
End of file reached
End of file reached
End of file reached
End of file reached
End of file reached
End of file reached
End of file reached
End of file reached
End of file reached
End of file reached
End of file reached
End of file reached
End of file reached
End of file reached
End of file reached
End of file reached
End of file reached
End of file reached
End of file reached
End of file reached
End of file reached
regression depth : 70.0 %
slope : [2.0130698] 
Intercept: 15.847996009077585 
D : [0.33551163] pm^2/ps 

End of file reached
regression depth : 70.0 %
slope : [0.86370827] 
Intercept: 1.5923904984537929 
D : [0.14395138] pm^2/ps 

End of file reached
regression depth : 70.0 %
slope : [0.86370827] 
Intercept: 1.5923904984537929 
D : [0.14395138] pm^2/ps 

End of file reached
regression depth : 70.0 %
slope : [0.86370827] 
Intercept: 1.5923904984537929 
D : [0.14395138] pm^2/ps 

End of file reached
regression depth : 70.0 %
slope : [863708.27480524] 
Intercept: 1592390.498453793 
D : [143951.37913421] pm^2/ps 

End of file reached
regression depth : 70.0 %
slope : [863708.27480524] 
Intercept: 1592390.498453793 
D : [143951.37913421] pm^2/ps 

End of file reached
regression depth : 70.0 %
slope : [863708.27480524] 
Intercept: 1592390.498453793 
D : [143951.37913421] pm^2/ps 

End of file reached
regression depth : 70.0 %
slope : [863708.27480524] 
Intercept: 1592390.498453793 
D : [143951.37913421] pm^2/ps 

End of file reached
regression depth : 70.0 %
slope : [863708.27480524] 
Intercept: 1592390.498453793 
D : [143951.37913421] pm^2/ps 

End of file reached
regression depth : 70.0 %
slope : [863708.27480524] 
Intercept: 1592390.498453793 
D : [143951.37913421] pm^2/ps 

End of file reached
regression depth : 70.0 %
slope : [863708.27480524] 
Intercept: 1592390.498453793 
D : [143951.37913421] pm^2/ps 

End of file reached
End of file reached
End of file reached
End of file reached
End of file reached
